{"/Users/laura/Documents/design-system/packages/tokens/src/tokens.ts": {"path":"/Users/laura/Documents/design-system/packages/tokens/src/tokens.ts","statementMap":{"0":{"start":{"line":1,"column":16},"end":{"line":3,"column":2}},"1":{"start":{"line":5,"column":13},"end":{"line":5,"column":36}},"2":{"start":{"line":5,"column":28},"end":{"line":5,"column":36}}},"fnMap":{"0":{"name":"(anonymous_0)","decl":{"start":{"line":5,"column":22},"end":{"line":5,"column":28}},"loc":{"start":{"line":5,"column":22},"end":{"line":5,"column":35}}}},"branchMap":{},"s":{"0":1,"1":1,"2":1},"f":{"0":1},"b":{}}
}
